2015-05-30 00:51:17 Error: [Cake\Routing\Exception\MissingControllerException] Controller class Pedidos could not be found.
Exception Attributes: array (
  'class' => 'Pedidos',
  'plugin' => NULL,
  'prefix' => NULL,
  '_ext' => NULL,
)
Request URL: /ds3/pedidos/add
Stack Trace:
#0 C:\wamp\www\ds3\webroot\index.php(37): Cake\Routing\Dispatcher->dispatch(Object(Cake\Network\Request), Object(Cake\Network\Response))
#1 {main}


2015-05-30 00:51:27 Error: [Cake\Routing\Exception\MissingControllerException] Controller class Pedidos could not be found.
Exception Attributes: array (
  'class' => 'Pedidos',
  'plugin' => NULL,
  'prefix' => NULL,
  '_ext' => NULL,
)
Request URL: /ds3/pedidos
Stack Trace:
#0 C:\wamp\www\ds3\webroot\index.php(37): Cake\Routing\Dispatcher->dispatch(Object(Cake\Network\Request), Object(Cake\Network\Response))
#1 {main}


2015-05-30 00:58:37 Error: [Cake\Routing\Exception\MissingControllerException] Controller class Asdfasdf could not be found.
Exception Attributes: array (
  'class' => 'Asdfasdf',
  'plugin' => NULL,
  'prefix' => NULL,
  '_ext' => NULL,
)
Request URL: /ds3/asdfasdf
Stack Trace:
#0 C:\wamp\www\ds3\webroot\index.php(37): Cake\Routing\Dispatcher->dispatch(Object(Cake\Network\Request), Object(Cake\Network\Response))
#1 {main}


2015-05-30 00:58:42 Error: [Cake\Routing\Exception\MissingControllerException] Controller class Asdfasdf could not be found.
Exception Attributes: array (
  'class' => 'Asdfasdf',
  'plugin' => NULL,
  'prefix' => NULL,
  '_ext' => NULL,
)
Request URL: /ds3/asdfasdf/asdfasdf
Stack Trace:
#0 C:\wamp\www\ds3\webroot\index.php(37): Cake\Routing\Dispatcher->dispatch(Object(Cake\Network\Request), Object(Cake\Network\Response))
#1 {main}


2015-05-30 00:58:55 Error: [Cake\Routing\Exception\MissingControllerException] Controller class Asdf could not be found.
Exception Attributes: array (
  'class' => 'Asdf',
  'plugin' => NULL,
  'prefix' => NULL,
  '_ext' => NULL,
)
Request URL: /ds3/asdf
Stack Trace:
#0 C:\wamp\www\ds3\webroot\index.php(37): Cake\Routing\Dispatcher->dispatch(Object(Cake\Network\Request), Object(Cake\Network\Response))
#1 {main}


2015-05-30 01:07:32 Error: [Cake\View\Exception\MissingTemplateException] Template file "Pages\display.ctp" is missing.
Exception Attributes: array (
  'file' => 'Pages\\display.ctp',
)
Request URL: /ds3/
Stack Trace:
#0 C:\wamp\www\ds3\vendor\cakephp\cakephp\src\View\View.php(460): Cake\View\View->_getViewFileName(NULL)
#1 C:\wamp\www\ds3\vendor\cakephp\cakephp\src\Controller\Controller.php(581): Cake\View\View->render(NULL, NULL)
#2 C:\wamp\www\ds3\vendor\cakephp\cakephp\src\Routing\Dispatcher.php(120): Cake\Controller\Controller->render()
#3 C:\wamp\www\ds3\vendor\cakephp\cakephp\src\Routing\Dispatcher.php(87): Cake\Routing\Dispatcher->_invoke(Object(App\Controller\PagesController))
#4 C:\wamp\www\ds3\webroot\index.php(37): Cake\Routing\Dispatcher->dispatch(Object(Cake\Network\Request), Object(Cake\Network\Response))
#5 {main}


2015-05-30 01:10:09 Error: [Cake\Routing\Exception\MissingControllerException] Controller class Usuario could not be found.
Exception Attributes: array (
  'class' => 'Usuario',
  'plugin' => NULL,
  'prefix' => NULL,
  '_ext' => NULL,
)
Request URL: /ds3/usuario
Stack Trace:
#0 C:\wamp\www\ds3\webroot\index.php(37): Cake\Routing\Dispatcher->dispatch(Object(Cake\Network\Request), Object(Cake\Network\Response))
#1 {main}


2015-05-30 01:20:06 Error: Fatal Error (1): Call to undefined method App\Controller\PagesController::assign() in [C:\wamp\www\ds3\src\Controller\PagesController.php, line 41]
Trace:
Cake\Error\BaseErrorHandler::handleFatalError() - CORE\src\Error\BaseErrorHandler.php, line 191
Cake\Error\BaseErrorHandler::Cake\Error\{closure}() - CORE\src\Error\BaseErrorHandler.php, line 90
[main] - [internal], line ??



2015-05-30 01:20:06 Error: [Cake\Error\FatalErrorException] Call to undefined method App\Controller\PagesController::assign()
Request URL: /ds3/
Stack Trace:
#0 C:\wamp\www\ds3\vendor\cakephp\cakephp\src\Error\BaseErrorHandler.php(90): Cake\Error\BaseErrorHandler->handleFatalError(1, 'Call to undefin...', 'C:\wamp\www\ds3...', 41)
#1 [internal function]: Cake\Error\BaseErrorHandler->Cake\Error\{closure}()
#2 {main}


2015-05-30 01:24:44 Error: [RuntimeException] Unable to locate an object compatible with paginate.
Request URL: /ds3/
Stack Trace:
#0 C:\wamp\www\ds3\src\Controller\PagesController.php(40): Cake\Controller\Controller->paginate(false)
#1 [internal function]: App\Controller\PagesController->display('home')
#2 C:\wamp\www\ds3\vendor\cakephp\cakephp\src\Controller\Controller.php(410): call_user_func_array(Array, Array)
#3 C:\wamp\www\ds3\vendor\cakephp\cakephp\src\Routing\Dispatcher.php(114): Cake\Controller\Controller->invokeAction()
#4 C:\wamp\www\ds3\vendor\cakephp\cakephp\src\Routing\Dispatcher.php(87): Cake\Routing\Dispatcher->_invoke(Object(App\Controller\PagesController))
#5 C:\wamp\www\ds3\webroot\index.php(37): Cake\Routing\Dispatcher->dispatch(Object(Cake\Network\Request), Object(Cake\Network\Response))
#6 {main}


2015-05-30 01:25:51 Warning: Warning (2): Invalid argument supplied for foreach() in [C:\wamp\www\ds3\src\Template\Usuarios\index.ctp, line 22]
Trace:
Cake\Error\BaseErrorHandler::handleError() - CORE\src\Error\BaseErrorHandler.php, line 138
include - APP/Template\Usuarios\index.ctp, line 22
Cake\View\View::_evaluate() - CORE\src\View\View.php, line 815
Cake\View\View::_render() - CORE\src\View\View.php, line 775
Cake\View\View::render() - CORE\src\View\View.php, line 463
Cake\Controller\Controller::render() - CORE\src\Controller\Controller.php, line 581
Cake\Routing\Dispatcher::_invoke() - CORE\src\Routing\Dispatcher.php, line 120
Cake\Routing\Dispatcher::dispatch() - CORE\src\Routing\Dispatcher.php, line 87
[main] - ROOT\webroot\index.php, line 37



2015-05-30 01:31:51 Error: [Cake\Routing\Exception\MissingControllerException] Controller class asdfasdf could not be found.
Exception Attributes: array (
  'class' => 'asdfasdf',
  'plugin' => NULL,
  'prefix' => NULL,
  '_ext' => NULL,
)
Request URL: /ds3/
Stack Trace:
#0 C:\wamp\www\ds3\webroot\index.php(37): Cake\Routing\Dispatcher->dispatch(Object(Cake\Network\Request), Object(Cake\Network\Response))
#1 {main}


2015-05-30 01:33:14 Error: [Cake\Routing\Exception\MissingControllerException] Controller class MatpriFornecedoresasdf could not be found.
Exception Attributes: array (
  'class' => 'MatpriFornecedoresasdf',
  'plugin' => NULL,
  'prefix' => NULL,
  '_ext' => NULL,
)
Request URL: /ds3/MatpriFornecedoresasdf
Stack Trace:
#0 C:\wamp\www\ds3\webroot\index.php(37): Cake\Routing\Dispatcher->dispatch(Object(Cake\Network\Request), Object(Cake\Network\Response))
#1 {main}


